<?xml version="1.0" encoding="UTF-8"?>
<!-- Generated by org.testng.reporters.JUnitReportReporter -->
<testsuite hostname="Vidhyashreepc-123" failures="0" tests="1" name="demo.sample" time="0.020" errors="0" timestamp="2025-02-04T12:14:36 IST" skipped="0">
  <testcase classname="demo.sample" name="sample" time="0.020"/>
</testsuite> <!-- demo.sample -->
