<?xml version="1.0" encoding="UTF-8"?>
<!-- Generated by org.testng.reporters.JUnitReportReporter -->
<testsuite hostname="Vidhyashreepc-123" failures="0" tests="1" name="com.crm.sample12.githuppratice" time="0.018" errors="0" timestamp="2025-02-05T12:10:44 IST" skipped="0">
  <testcase classname="com.crm.sample12.githuppratice" name="m1" time="0.018"/>
</testsuite> <!-- com.crm.sample12.githuppratice -->
